<?xml version="1.0" encoding="UTF-8"?>
<!-- Generated by org.testng.reporters.JUnitReportReporter -->
<testsuite hostname="BRILAP3078" failures="0" tests="1" name="apiTest.CRUDTest" time="3.597" errors="0" timestamp="2022-02-15T15:01:28 IST" skipped="0">
  <testcase classname="apiTest.CRUDTest" name="getAllUsers" time="3.597"/>
  <system-out/>
</testsuite> <!-- apiTest.CRUDTest -->
